<?xml version="1.0" encoding="UTF-8"?>
<!-- Generated by org.testng.reporters.JUnitXMLReporter -->
<testsuite hostname="MSI" ignored="6" name="Default test" tests="5" failures="0" timestamp="21 Jun 2018 21:25:29 GMT" time="18.41" errors="0">
  <testcase name="whenSearchingForDependency1" time="0.015" classname="tests.RubyGemsTests"/>
  <testcase name="whenSearchingForDependency2" time="0.0" classname="tests.RubyGemsTests"/>
  <testcase name="whenSearchingForDependency3" time="0.001" classname="tests.RubyGemsTests"/>
  <testcase name="whenSearchingForauthors" time="0.001" classname="tests.RubyGemsTests"/>
  <testcase name="whenPostingHelloWorld" time="13.459" classname="tests.TwitterTests"/>
  <testcase name="@AfterSuite afterSuite" time="0.0" classname="framework.TestBase">
    <ignored/>
  </testcase> <!-- @AfterSuite afterSuite -->
  <testcase name="@AfterSuite afterSuite" time="0.0" classname="framework.TestBase">
    <ignored/>
  </testcase> <!-- @AfterSuite afterSuite -->
  <testcase name="@AfterSuite afterSuite" time="0.0" classname="framework.TestBase">
    <ignored/>
  </testcase> <!-- @AfterSuite afterSuite -->
  <testcase name="@AfterSuite afterSuite" time="0.0" classname="framework.TestBase">
    <ignored/>
  </testcase> <!-- @AfterSuite afterSuite -->
  <testcase name="@AfterSuite afterSuite" time="0.0" classname="framework.TestBase">
    <ignored/>
  </testcase> <!-- @AfterSuite afterSuite -->
  <testcase name="@AfterSuite afterSuite" time="0.0" classname="framework.TestBase">
    <ignored/>
  </testcase> <!-- @AfterSuite afterSuite -->
</testsuite> <!-- Default test -->
