<?xml version="1.0" encoding="UTF-8"?>
<testng-results skipped="0" failed="0" ignored="6" total="11" passed="5">
  <reporter-output>
  </reporter-output>
  <suite name="Default suite" duration-ms="18410" started-at="2018-06-21T21:25:10Z" finished-at="2018-06-21T21:25:29Z">
    <groups>
    </groups>
    <test name="Default test" duration-ms="18410" started-at="2018-06-21T21:25:10Z" finished-at="2018-06-21T21:25:29Z">
      <class name="framework.TestBase">
        <test-method status="PASS" signature="afterSuite()[pri:0, instance:framework.TestBase@359df09a]" name="afterSuite" is-config="true" duration-ms="392" started-at="2018-06-21T21:25:29Z" finished-at="2018-06-21T21:25:29Z">
          <reporter-output>
          </reporter-output>
        </test-method> <!-- afterSuite -->
      </class> <!-- framework.TestBase -->
      <class name="tests.RubyGemsTests">
        <test-method status="PASS" signature="beforeClass()[pri:0, instance:tests.RubyGemsTests@4082ba93]" name="beforeClass" is-config="true" duration-ms="4912" started-at="2018-06-21T21:25:10Z" finished-at="2018-06-21T21:25:15Z">
          <reporter-output>
          </reporter-output>
        </test-method> <!-- beforeClass -->
        <test-method status="PASS" signature="whenSearchingForDependency1()[pri:0, instance:tests.RubyGemsTests@4082ba93]" name="whenSearchingForDependency1" duration-ms="15" started-at="2018-06-21T21:25:15Z" finished-at="2018-06-21T21:25:15Z">
          <reporter-output>
          </reporter-output>
        </test-method> <!-- whenSearchingForDependency1 -->
        <test-method status="PASS" signature="whenSearchingForDependency2()[pri:0, instance:tests.RubyGemsTests@4082ba93]" name="whenSearchingForDependency2" duration-ms="0" started-at="2018-06-21T21:25:15Z" finished-at="2018-06-21T21:25:15Z">
          <reporter-output>
          </reporter-output>
        </test-method> <!-- whenSearchingForDependency2 -->
        <test-method status="PASS" signature="whenSearchingForDependency3()[pri:0, instance:tests.RubyGemsTests@4082ba93]" name="whenSearchingForDependency3" duration-ms="1" started-at="2018-06-21T21:25:15Z" finished-at="2018-06-21T21:25:15Z">
          <reporter-output>
          </reporter-output>
        </test-method> <!-- whenSearchingForDependency3 -->
        <test-method status="PASS" signature="whenSearchingForauthors()[pri:0, instance:tests.RubyGemsTests@4082ba93]" name="whenSearchingForauthors" duration-ms="1" started-at="2018-06-21T21:25:15Z" finished-at="2018-06-21T21:25:15Z">
          <reporter-output>
          </reporter-output>
        </test-method> <!-- whenSearchingForauthors -->
      </class> <!-- tests.RubyGemsTests -->
      <class name="tests.TwitterTests">
        <test-method status="PASS" signature="whenPostingHelloWorld()[pri:0, instance:tests.TwitterTests@17fc391b]" name="whenPostingHelloWorld" duration-ms="13459" started-at="2018-06-21T21:25:15Z" finished-at="2018-06-21T21:25:29Z">
          <reporter-output>
          </reporter-output>
        </test-method> <!-- whenPostingHelloWorld -->
      </class> <!-- tests.TwitterTests -->
    </test> <!-- Default test -->
  </suite> <!-- Default suite -->
</testng-results>
